#
# There is insufficient memory for the Java Runtime Environment to continue.
# Native memory allocation (malloc) failed to allocate 102236160 bytes for committing reserved memory.
# Possible reasons:
#   The system is out of physical RAM or swap space
#   In 32 bit mode, the process size limit was hit
# Possible solutions:
#   Reduce memory load on the system
#   Increase physical memory or swap space
#   Check if swap backing store is full
#   Use 64 bit Java on a 64 bit OS
#   Decrease Java heap size (-Xmx/-Xms)
#   Decrease number of Java threads
#   Decrease Java thread stack sizes (-Xss)
#   Set larger code cache with -XX:ReservedCodeCacheSize=
# This output file may be truncated or incomplete.
#
#  Out of Memory Error (os_linux.cpp:2827), pid=12531, tid=140643609814784
#
# JRE version: OpenJDK Runtime Environment (7.0_95) (build 1.7.0_95-b00)
# Java VM: OpenJDK 64-Bit Server VM (24.95-b01 mixed mode linux-amd64 compressed oops)
# Derivative: IcedTea 2.6.4
# Distribution: Ubuntu 14.04.3 LTS, package 7u95-2.6.4-0ubuntu0.14.04.1
# Failed to write core dump. Core dumps have been disabled. To enable core dumping, try "ulimit -c unlimited" before starting Java again
#

---------------  T H R E A D  ---------------

Current thread (0x00007fea30076000):  VMThread [stack: 0x00007fea24572000,0x00007fea24673000] [id=12572]

Stack: [0x00007fea24572000,0x00007fea24673000],  sp=0x00007fea24671490,  free space=1021k
Native frames: (J=compiled Java code, j=interpreted, Vv=VM code, C=native code)
V  [libjvm.so+0x9550e5]
V  [libjvm.so+0x4902b4]
V  [libjvm.so+0x7cf7bb]
V  [libjvm.so+0x7ca28f]
V  [libjvm.so+0x83e56b]
V  [libjvm.so+0x82dacb]
V  [libjvm.so+0x82dc8b]
V  [libjvm.so+0x82ebb8]
V  [libjvm.so+0x835814]
V  [libjvm.so+0x83be8d]
V  [libjvm.so+0x7f1fd3]
V  [libjvm.so+0x956ae4]
V  [libjvm.so+0x95abe7]
V  [libjvm.so+0x9596a8]
V  [libjvm.so+0x959b09]
V  [libjvm.so+0x959f52]
V  [libjvm.so+0x7cc682]

VM_Operation (0x00007fea36dd3c50): ParallelGCFailedAllocation, mode: safepoint, requested by thread 0x00007fea3000a800


---------------  P R O C E S S  ---------------

Java Threads: ( => current thread )
  0x00007fea3019f000 JavaThread "pool-2-thread-4" [_thread_blocked, id=12625, stack(0x00007fea0d93a000,0x00007fea0da3b000)]
  0x00007fea3019d000 JavaThread "pool-2-thread-3" [_thread_blocked, id=12623, stack(0x00007fea0da3b000,0x00007fea0db3c000)]
  0x00007fea3019b800 JavaThread "pool-2-thread-2" [_thread_blocked, id=12622, stack(0x00007fea0db3c000,0x00007fea0dc3d000)]
  0x00007fea30196800 JavaThread "pool-3-thread-1" [_thread_blocked, id=12620, stack(0x00007fea0dc3d000,0x00007fea0dd3e000)]
  0x00007fea30193800 JavaThread "pool-2-thread-1" [_thread_blocked, id=12614, stack(0x00007fea0dd3e000,0x00007fea0de3f000)]
  0x00007fea300b0800 JavaThread "Service Thread" daemon [_thread_blocked, id=12600, stack(0x00007fea0f70f000,0x00007fea0f810000)]
  0x00007fea300ae800 JavaThread "C2 CompilerThread1" daemon [_thread_blocked, id=12599, stack(0x00007fea2406d000,0x00007fea2416e000)]
  0x00007fea300ab800 JavaThread "C2 CompilerThread0" daemon [_thread_blocked, id=12594, stack(0x00007fea2416e000,0x00007fea2426f000)]
  0x00007fea300a9800 JavaThread "Signal Dispatcher" daemon [_thread_blocked, id=12589, stack(0x00007fea2426f000,0x00007fea24370000)]
  0x00007fea3007c800 JavaThread "Finalizer" daemon [_thread_blocked, id=12580, stack(0x00007fea24370000,0x00007fea24471000)]
  0x00007fea3007a800 JavaThread "Reference Handler" daemon [_thread_blocked, id=12577, stack(0x00007fea24471000,0x00007fea24572000)]
  0x00007fea3000a800 JavaThread "main" [_thread_blocked, id=12542, stack(0x00007fea36cd5000,0x00007fea36dd6000)]

Other Threads:
=>0x00007fea30076000 VMThread [stack: 0x00007fea24572000,0x00007fea24673000] [id=12572]
  0x00007fea300bb800 WatcherThread [stack: 0x00007fea0f60e000,0x00007fea0f70f000] [id=12601]

VM state:at safepoint (normal execution)

VM Mutex/Monitor currently owned by a thread:  ([mutex/lock_event])
[0x00007fea30006500] ExpandHeap_lock - owner thread: 0x00007fea30076000
[0x00007fea30006b80] Threads_lock - owner thread: 0x00007fea30076000
[0x00007fea30007080] Heap_lock - owner thread: 0x00007fea3000a800

Heap
 PSYoungGen      total 233472K, used 0K [0x00000000eaa80000, 0x0000000100000000, 0x0000000100000000)
  eden space 117248K, 0% used [0x00000000eaa80000,0x00000000eaa80000,0x00000000f1d00000)
  from space 116224K, 0% used [0x00000000f8e80000,0x00000000f8e80000,0x0000000100000000)
  to   space 116224K, 0% used [0x00000000f1d00000,0x00000000f1d00000,0x00000000f8e80000)
 ParOldGen       total 338944K, used 237391K [0x00000000c0000000, 0x00000000d4b00000, 0x00000000eaa80000)
  object space 338944K, 70% used [0x00000000c0000000,0x00000000ce7d3c50,0x00000000d4b00000)
 PSPermGen       total 21504K, used 6356K [0x00000000b5a00000, 0x00000000b6f00000, 0x00000000c0000000)
  object space 21504K, 29% used [0x00000000b5a00000,0x00000000b6035100,0x00000000b6f00000)

Card table byte_map: [0x00007fea2c55c000,0x00007fea2c7b0000] byte_map_base: 0x00007fea2bfaf000

Polling page: 0x00007fea36cd4000

Code Cache  [0x00007fea2c7b0000, 0x00007fea2cac0000, 0x00007fea2f7b0000)
 total_blobs=1045 nmethods=815 adapters=184 free_code_cache=46129Kb largest_free_block=47176000

Compilation events (10 events):
Event: 41.153 Thread 0x00007fea300ab800  839             com.android.dx.util.Hex::u2 (44 bytes)
Event: 41.315 Thread 0x00007fea300ab800 nmethod 839 0x00007fea2ca8b990 code [0x00007fea2ca8bae0, 0x00007fea2ca8bca8]
Event: 41.317 Thread 0x00007fea300ae800 nmethod 833 0x00007fea2caac990 code [0x00007fea2caacf00, 0x00007fea2caaf260]
Event: 41.321 Thread 0x00007fea300ab800  840   !         com.android.dx.cf.code.RopperMachine::run (1550 bytes)
Event: 41.382 Thread 0x00007fea300ae800  841             java.util.HashMap$HashIterator::<init> (63 bytes)
Event: 41.386 Thread 0x00007fea300ae800 nmethod 841 0x00007fea2ca9fd10 code [0x00007fea2ca9fe60, 0x00007fea2caa0038]
Event: 41.395 Thread 0x00007fea300ae800  842             com.android.dx.dex.code.RopTranslator$LocalVariableAwareTranslationVisitor::visitPlainCstInsn (11 bytes)
Event: 41.423 Thread 0x00007fea300ae800 nmethod 842 0x00007fea2ca8bdd0 code [0x00007fea2ca8bfe0, 0x00007fea2ca8c650]
Event: 41.423 Thread 0x00007fea300ae800  843             com.android.dx.rop.cst.CstType::hashCode (8 bytes)
Event: 41.426 Thread 0x00007fea300ae800 nmethod 843 0x00007fea2ca9f910 code [0x00007fea2ca9fa60, 0x00007fea2ca9fbf8]

GC Heap History (10 events):
Event: 39.407 GC heap after
Heap after GC invocations=20 (full 4):
 PSYoungGen      total 236032K, used 64314K [0x00000000eaa80000, 0x0000000100000000, 0x0000000100000000)
  eden space 127488K, 0% used [0x00000000eaa80000,0x00000000eaa80000,0x00000000f2700000)
  from space 108544K, 59% used [0x00000000f9600000,0x00000000fd4ceb88,0x0000000100000000)
  to   space 111104K, 0% used [0x00000000f2700000,0x00000000f2700000,0x00000000f9380000)
 ParOldGen       total 323584K, used 169899K [0x00000000c0000000, 0x00000000d3c00000, 0x00000000eaa80000)
  object space 323584K, 52% used [0x00000000c0000000,0x00000000ca5eace0,0x00000000d3c00000)
 PSPermGen       total 21504K, used 6317K [0x00000000b5a00000, 0x00000000b6f00000, 0x00000000c0000000)
  object space 21504K, 29% used [0x00000000b5a00000,0x00000000b602b508,0x00000000b6f00000)
}
Event: 40.224 GC heap before
{Heap before GC invocations=21 (full 4):
 PSYoungGen      total 236032K, used 191802K [0x00000000eaa80000, 0x0000000100000000, 0x0000000100000000)
  eden space 127488K, 100% used [0x00000000eaa80000,0x00000000f2700000,0x00000000f2700000)
  from space 108544K, 59% used [0x00000000f9600000,0x00000000fd4ceb88,0x0000000100000000)
  to   space 111104K, 0% used [0x00000000f2700000,0x00000000f2700000,0x00000000f9380000)
 ParOldGen       total 323584K, used 169899K [0x00000000c0000000, 0x00000000d3c00000, 0x00000000eaa80000)
  object space 323584K, 52% used [0x00000000c0000000,0x00000000ca5eace0,0x00000000d3c00000)
 PSPermGen       total 21504K, used 6319K [0x00000000b5a00000, 0x00000000b6f00000, 0x00000000c0000000)
  object space 21504K, 29% used [0x00000000b5a00000,0x00000000b602bf68,0x00000000b6f00000)
Event: 40.290 GC heap after
Heap after GC invocations=21 (full 4):
 PSYoungGen      total 209408K, used 81452K [0x00000000eaa80000, 0x0000000100000000, 0x0000000100000000)
  eden space 127488K, 0% used [0x00000000eaa80000,0x00000000eaa80000,0x00000000f2700000)
  from space 81920K, 99% used [0x00000000f2700000,0x00000000f768b1e8,0x00000000f7700000)
  to   space 116224K, 0% used [0x00000000f8e80000,0x00000000f8e80000,0x0000000100000000)
 ParOldGen       total 323584K, used 169899K [0x00000000c0000000, 0x00000000d3c00000, 0x00000000eaa80000)
  object space 323584K, 52% used [0x00000000c0000000,0x00000000ca5eace0,0x00000000d3c00000)
 PSPermGen       total 21504K, used 6319K [0x00000000b5a00000, 0x00000000b6f00000, 0x00000000c0000000)
  object space 21504K, 29% used [0x00000000b5a00000,0x00000000b602bf68,0x00000000b6f00000)
}
Event: 40.986 GC heap before
{Heap before GC invocations=22 (full 4):
 PSYoungGen      total 209408K, used 208940K [0x00000000eaa80000, 0x0000000100000000, 0x0000000100000000)
  eden space 127488K, 100% used [0x00000000eaa80000,0x00000000f2700000,0x00000000f2700000)
  from space 81920K, 99% used [0x00000000f2700000,0x00000000f768b1e8,0x00000000f7700000)
  to   space 116224K, 0% used [0x00000000f8e80000,0x00000000f8e80000,0x0000000100000000)
 ParOldGen       total 323584K, used 169899K [0x00000000c0000000, 0x00000000d3c00000, 0x00000000eaa80000)
  object space 323584K, 52% used [0x00000000c0000000,0x00000000ca5eace0,0x00000000d3c00000)
 PSPermGen       total 21504K, used 6350K [0x00000000b5a00000, 0x00000000b6f00000, 0x00000000c0000000)
  object space 21504K, 29% used [0x00000000b5a00000,0x00000000b6033810,0x00000000b6f00000)
Event: 41.077 GC heap after
Heap after GC invocations=22 (full 4):
 PSYoungGen      total 233472K, used 63903K [0x00000000eaa80000, 0x0000000100000000, 0x0000000100000000)
  eden space 117248K, 0% used [0x00000000eaa80000,0x00000000eaa80000,0x00000000f1d00000)
  from space 116224K, 54% used [0x00000000f8e80000,0x00000000fcce7fd8,0x0000000100000000)
  to   space 116224K, 0% used [0x00000000f1d00000,0x00000000f1d00000,0x00000000f8e80000)
 ParOldGen       total 323584K, used 199711K [0x00000000c0000000, 0x00000000d3c00000, 0x00000000eaa80000)
  object space 323584K, 61% used [0x00000000c0000000,0x00000000cc307f58,0x00000000d3c00000)
 PSPermGen       total 21504K, used 6350K [0x00000000b5a00000, 0x00000000b6f00000, 0x00000000c0000000)
  object space 21504K, 29% used [0x00000000b5a00000,0x00000000b6033810,0x00000000b6f00000)
}
Event: 41.167 GC heap before
{Heap before GC invocations=23 (full 4):
 PSYoungGen      total 233472K, used 181151K [0x00000000eaa80000, 0x0000000100000000, 0x0000000100000000)
  eden space 117248K, 100% used [0x00000000eaa80000,0x00000000f1d00000,0x00000000f1d00000)
  from space 116224K, 54% used [0x00000000f8e80000,0x00000000fcce7fd8,0x0000000100000000)
  to   space 116224K, 0% used [0x00000000f1d00000,0x00000000f1d00000,0x00000000f8e80000)
 ParOldGen       total 323584K, used 199711K [0x00000000c0000000, 0x00000000d3c00000, 0x00000000eaa80000)
  object space 323584K, 61% used [0x00000000c0000000,0x00000000cc307f58,0x00000000d3c00000)
 PSPermGen       total 21504K, used 6352K [0x00000000b5a00000, 0x00000000b6f00000, 0x00000000c0000000)
  object space 21504K, 29% used [0x00000000b5a00000,0x00000000b6034160,0x00000000b6f00000)
Event: 41.310 GC heap after
Heap after GC invocations=23 (full 4):
 PSYoungGen      total 233472K, used 74053K [0x00000000eaa80000, 0x0000000100000000, 0x0000000100000000)
  eden space 117248K, 0% used [0x00000000eaa80000,0x00000000eaa80000,0x00000000f1d00000)
  from space 116224K, 63% used [0x00000000f1d00000,0x00000000f6551760,0x00000000f8e80000)
  to   space 116224K, 0% used [0x00000000f8e80000,0x00000000f8e80000,0x0000000100000000)
 ParOldGen       total 323584K, used 259756K [0x00000000c0000000, 0x00000000d3c00000, 0x00000000eaa80000)
  object space 323584K, 80% used [0x00000000c0000000,0x00000000cfdab178,0x00000000d3c00000)
 PSPermGen       total 21504K, used 6352K [0x00000000b5a00000, 0x00000000b6f00000, 0x00000000c0000000)
  object space 21504K, 29% used [0x00000000b5a00000,0x00000000b6034160,0x00000000b6f00000)
}
Event: 41.433 GC heap before
{Heap before GC invocations=24 (full 4):
 PSYoungGen      total 233472K, used 191301K [0x00000000eaa80000, 0x0000000100000000, 0x0000000100000000)
  eden space 117248K, 100% used [0x00000000eaa80000,0x00000000f1d00000,0x00000000f1d00000)
  from space 116224K, 63% used [0x00000000f1d00000,0x00000000f6551760,0x00000000f8e80000)
  to   space 116224K, 0% used [0x00000000f8e80000,0x00000000f8e80000,0x0000000100000000)
 ParOldGen       total 323584K, used 259756K [0x00000000c0000000, 0x00000000d3c00000, 0x00000000eaa80000)
  object space 323584K, 80% used [0x00000000c0000000,0x00000000cfdab178,0x00000000d3c00000)
 PSPermGen       total 21504K, used 6356K [0x00000000b5a00000, 0x00000000b6f00000, 0x00000000c0000000)
  object space 21504K, 29% used [0x00000000b5a00000,0x00000000b6035260,0x00000000b6f00000)
Event: 43.841 GC heap after
Heap after GC invocations=24 (full 4):
 PSYoungGen      total 233472K, used 34842K [0x00000000eaa80000, 0x0000000100000000, 0x0000000100000000)
  eden space 117248K, 0% used [0x00000000eaa80000,0x00000000eaa80000,0x00000000f1d00000)
  from space 116224K, 29% used [0x00000000f8e80000,0x00000000fb086aa0,0x0000000100000000)
  to   space 116224K, 0% used [0x00000000f1d00000,0x00000000f1d00000,0x00000000f8e80000)
 ParOldGen       total 338944K, used 337135K [0x00000000c0000000, 0x00000000d4b00000, 0x00000000eaa80000)
  object space 338944K, 99% used [0x00000000c0000000,0x00000000d493bd48,0x00000000d4b00000)
 PSPermGen       total 21504K, used 6356K [0x00000000b5a00000, 0x00000000b6f00000, 0x00000000c0000000)
  object space 21504K, 29% used [0x00000000b5a00000,0x00000000b6035260,0x00000000b6f00000)
}
Event: 43.911 GC heap before
{Heap before GC invocations=25 (full 5):
 PSYoungGen      total 233472K, used 34842K [0x00000000eaa80000, 0x0000000100000000, 0x0000000100000000)
  eden space 117248K, 0% used [0x00000000eaa80000,0x00000000eaa80000,0x00000000f1d00000)
  from space 116224K, 29% used [0x00000000f8e80000,0x00000000fb086aa0,0x0000000100000000)
  to   space 116224K, 0% used [0x00000000f1d00000,0x00000000f1d00000,0x00000000f8e80000)
 ParOldGen       total 338944K, used 337135K [0x00000000c0000000, 0x00000000d4b00000, 0x00000000eaa80000)
  object space 338944K, 99% used [0x00000000c0000000,0x00000000d493bd48,0x00000000d4b00000)
 PSPermGen       total 21504K, used 6356K [0x00000000b5a00000, 0x00000000b6f00000, 0x00000000c0000000)
  object space 21504K, 29% used [0x00000000b5a00000,0x00000000b6035260,0x00000000b6f00000)

Deoptimization events (10 events):
Event: 33.888 Thread 0x00007fea3000a800 Uncommon trap: reason=class_check action=maybe_recompile pc=0x00007fea2c945ad4 method=com.android.dx.ssa.SCCP.setLatticeValueTo(IILcom/android/dx/rop/cst/Constant;)Z @ 43
Event: 34.003 Thread 0x00007fea3000a800 Uncommon trap: reason=unstable_if action=reinterpret pc=0x00007fea2c944d8c method=com.android.dx.ssa.SCCP.run()V @ 179
Event: 34.097 Thread 0x00007fea30193800 Uncommon trap: reason=class_check action=maybe_recompile pc=0x00007fea2c9b15b8 method=com.android.dx.ssa.back.InterferenceGraph.mergeInterferenceSet(ILcom/android/dx/util/IntSet;)V @ 20
Event: 34.110 Thread 0x00007fea30193800 Uncommon trap: reason=class_check action=maybe_recompile pc=0x00007fea2c972824 method=com.android.dx.ssa.back.InterferenceGraph.mergeInterferenceSet(ILcom/android/dx/util/IntSet;)V @ 20
Event: 34.211 Thread 0x00007fea3019d000 Uncommon trap: reason=class_check action=maybe_recompile pc=0x00007fea2c9b15b8 method=com.android.dx.ssa.back.InterferenceGraph.mergeInterferenceSet(ILcom/android/dx/util/IntSet;)V @ 20
Event: 34.236 Thread 0x00007fea3019d000 Uncommon trap: reason=class_check action=maybe_recompile pc=0x00007fea2c972824 method=com.android.dx.ssa.back.InterferenceGraph.mergeInterferenceSet(ILcom/android/dx/util/IntSet;)V @ 20
Event: 34.236 Thread 0x00007fea3000a800 Uncommon trap: reason=unstable_if action=reinterpret pc=0x00007fea2c8e39cc method=com.android.dx.ssa.SCCP.simulateStmt(Lcom/android/dx/ssa/SsaInsn;)V @ 59
Event: 34.269 Thread 0x00007fea3019f000 Uncommon trap: reason=class_check action=maybe_recompile pc=0x00007fea2c9b15b8 method=com.android.dx.ssa.back.InterferenceGraph.mergeInterferenceSet(ILcom/android/dx/util/IntSet;)V @ 20
Event: 39.610 Thread 0x00007fea3000a800 Uncommon trap: reason=unstable_if action=reinterpret pc=0x00007fea2c9f4f4c method=com.android.dx.cf.code.Merger.mergeStack(Lcom/android/dx/cf/code/ExecutionStack;Lcom/android/dx/cf/code/ExecutionStack;)Lcom/android/dx/cf/code/ExecutionStack; @ 2
Event: 41.151 Thread 0x00007fea3000a800 Uncommon trap: reason=null_check action=make_not_entrant pc=0x00007fea2c9c7e64 method=com.android.dx.rop.cst.CstType.intern(Lcom/android/dx/rop/type/Type;)Lcom/android/dx/rop/cst/CstType; @ 13

Internal exceptions (10 events):
Event: 10.467 Thread 0x00007fea3019f000 Threw 0x00000000eb0bccf0 at /build/openjdk-7-2FOwCu/openjdk-7-7u95-2.6.4/build/openjdk/hotspot/src/share/vm/prims/jvm.cpp:1322
Event: 14.386 Thread 0x00007fea3000a800 Implicit null exception at 0x00007fea2c89300f to 0x00007fea2c8936f1
Event: 14.625 Thread 0x00007fea3000a800 Threw 0x00000000eafbb3f8 at /build/openjdk-7-2FOwCu/openjdk-7-7u95-2.6.4/build/openjdk/hotspot/src/share/vm/prims/jvm.cpp:1322
Event: 15.999 Thread 0x00007fea3019d000 Threw 0x00000000ebed13a0 at /build/openjdk-7-2FOwCu/openjdk-7-7u95-2.6.4/build/openjdk/hotspot/src/share/vm/prims/jvm.cpp:1322
Event: 16.508 Thread 0x00007fea3019b800 Threw 0x00000000eaf61990 at /build/openjdk-7-2FOwCu/openjdk-7-7u95-2.6.4/build/openjdk/hotspot/src/share/vm/prims/jvm.cpp:1322
Event: 21.450 Thread 0x00007fea30193800 Implicit null exception at 0x00007fea2c8d2775 to 0x00007fea2c8d63e5
Event: 30.371 Thread 0x00007fea3019d000 Threw 0x00000000ed034898 at /build/openjdk-7-2FOwCu/openjdk-7-7u95-2.6.4/build/openjdk/hotspot/src/share/vm/prims/jvm.cpp:1322
Event: 30.904 Thread 0x00007fea3019d000 Threw 0x00000000eb535278 at /build/openjdk-7-2FOwCu/openjdk-7-7u95-2.6.4/build/openjdk/hotspot/src/share/vm/prims/jvm.cpp:1322
Event: 40.816 Thread 0x00007fea3000a800 Threw 0x00000000f1abcb20 at /build/openjdk-7-2FOwCu/openjdk-7-7u95-2.6.4/build/openjdk/hotspot/src/share/vm/prims/jvm.cpp:1322
Event: 41.151 Thread 0x00007fea3000a800 Implicit null exception at 0x00007fea2c9c4adb to 0x00007fea2c9c7e51

Events (10 events):
Event: 40.816 loading class 0x00007fea3012ea70
Event: 40.816 loading class 0x00007fea3012ea70 done
Event: 40.980 Executing VM operation: ParallelGCFailedAllocation
Event: 41.077 Executing VM operation: ParallelGCFailedAllocation done
Event: 41.151 Thread 0x00007fea3000a800 Uncommon trap: trap_request=0xfffffff4 fr.pc=0x00007fea2c9c7e64
Event: 41.151 Thread 0x00007fea3000a800 DEOPT PACKING pc=0x00007fea2c9c7e64 sp=0x00007fea36dd38b0
Event: 41.151 Thread 0x00007fea3000a800 DEOPT UNPACKING pc=0x00007fea2c7e9045 sp=0x00007fea36dd37c8 mode 2
Event: 41.164 Executing VM operation: ParallelGCFailedAllocation
Event: 41.310 Executing VM operation: ParallelGCFailedAllocation done
Event: 41.431 Executing VM operation: ParallelGCFailedAllocation


Dynamic libraries:
00400000-00401000 r-xp 00000000 08:0e 10620082                           /usr/lib/jvm/java-7-openjdk-amd64/jre/bin/java
00600000-00601000 r--p 00000000 08:0e 10620082                           /usr/lib/jvm/java-7-openjdk-amd64/jre/bin/java
00601000-00602000 rw-p 00001000 08:0e 10620082                           /usr/lib/jvm/java-7-openjdk-amd64/jre/bin/java
00d0c000-00d2d000 rw-p 00000000 00:00 0                                  [heap]
b5a00000-b6f00000 rw-p 00000000 00:00 0 
b6f00000-c0000000 rw-p 00000000 00:00 0 
c0000000-d4b00000 rw-p 00000000 00:00 0 
dac80000-eaa80000 rw-p 00000000 00:00 0 
eaa80000-100000000 rw-p 00000000 00:00 0 
7fe9dc000000-7fe9dc03a000 rw-p 00000000 00:00 0 
7fe9dc03a000-7fe9e0000000 ---p 00000000 00:00 0 
7fe9e4000000-7fe9e4021000 rw-p 00000000 00:00 0 
7fe9e4021000-7fe9e8000000 ---p 00000000 00:00 0 
7fe9e8000000-7fe9e802e000 rw-p 00000000 00:00 0 
7fe9e802e000-7fe9ec000000 ---p 00000000 00:00 0 
7fe9ec000000-7fe9ec030000 rw-p 00000000 00:00 0 
7fe9ec030000-7fe9f0000000 ---p 00000000 00:00 0 
7fe9f0000000-7fe9f0021000 rw-p 00000000 00:00 0 
7fe9f0021000-7fe9f4000000 ---p 00000000 00:00 0 
7fe9f4000000-7fe9f4021000 rw-p 00000000 00:00 0 
7fe9f4021000-7fe9f8000000 ---p 00000000 00:00 0 
7fe9f8000000-7fe9f8021000 rw-p 00000000 00:00 0 
7fe9f8021000-7fe9fc000000 ---p 00000000 00:00 0 
7fe9fc000000-7fe9fda86000 rw-p 00000000 00:00 0 
7fe9fda86000-7fea00000000 ---p 00000000 00:00 0 
7fea00000000-7fea01b53000 rw-p 00000000 00:00 0 
7fea01b53000-7fea04000000 ---p 00000000 00:00 0 
7fea04000000-7fea04021000 rw-p 00000000 00:00 0 
7fea04021000-7fea08000000 ---p 00000000 00:00 0 
7fea08000000-7fea08021000 rw-p 00000000 00:00 0 
7fea08021000-7fea0c000000 ---p 00000000 00:00 0 
7fea0d93a000-7fea0d93d000 ---p 00000000 00:00 0 
7fea0d93d000-7fea0da3b000 rw-p 00000000 00:00 0                          [stack:12625]
7fea0da3b000-7fea0da3e000 ---p 00000000 00:00 0 
7fea0da3e000-7fea0db3c000 rw-p 00000000 00:00 0                          [stack:12623]
7fea0db3c000-7fea0db3f000 ---p 00000000 00:00 0 
7fea0db3f000-7fea0dc3d000 rw-p 00000000 00:00 0                          [stack:12622]
7fea0dc3d000-7fea0dc40000 ---p 00000000 00:00 0 
7fea0dc40000-7fea0dd3e000 rw-p 00000000 00:00 0                          [stack:12620]
7fea0dd3e000-7fea0dd41000 ---p 00000000 00:00 0 
7fea0dd41000-7fea0de70000 rw-p 00000000 00:00 0                          [stack:12614]
7fea0de70000-7fea0dead000 r-xp 00000000 08:0e 4721684                    /lib/x86_64-linux-gnu/libpcre.so.3.13.1
7fea0dead000-7fea0e0ac000 ---p 0003d000 08:0e 4721684                    /lib/x86_64-linux-gnu/libpcre.so.3.13.1
7fea0e0ac000-7fea0e0ad000 r--p 0003c000 08:0e 4721684                    /lib/x86_64-linux-gnu/libpcre.so.3.13.1
7fea0e0ad000-7fea0e0ae000 rw-p 0003d000 08:0e 4721684                    /lib/x86_64-linux-gnu/libpcre.so.3.13.1
7fea0e0b0000-7fea0e0b7000 r-xp 00000000 08:0e 10228365                   /usr/lib/x86_64-linux-gnu/libffi.so.6.0.1
7fea0e0b7000-7fea0e2b6000 ---p 00007000 08:0e 10228365                   /usr/lib/x86_64-linux-gnu/libffi.so.6.0.1
7fea0e2b6000-7fea0e2b7000 r--p 00006000 08:0e 10228365                   /usr/lib/x86_64-linux-gnu/libffi.so.6.0.1
7fea0e2b7000-7fea0e2b8000 rw-p 00007000 08:0e 10228365                   /usr/lib/x86_64-linux-gnu/libffi.so.6.0.1
7fea0e2b8000-7fea0e2cf000 r-xp 00000000 08:0e 4718638                    /lib/x86_64-linux-gnu/libresolv-2.19.so
7fea0e2cf000-7fea0e4cf000 ---p 00017000 08:0e 4718638                    /lib/x86_64-linux-gnu/libresolv-2.19.so
7fea0e4cf000-7fea0e4d0000 r--p 00017000 08:0e 4718638                    /lib/x86_64-linux-gnu/libresolv-2.19.so
7fea0e4d0000-7fea0e4d1000 rw-p 00018000 08:0e 4718638                    /lib/x86_64-linux-gnu/libresolv-2.19.so
7fea0e4d1000-7fea0e4d3000 rw-p 00000000 00:00 0 
7fea0e4d8000-7fea0e4f8000 r-xp 00000000 08:0e 4718596                    /lib/x86_64-linux-gnu/libselinux.so.1
7fea0e4f8000-7fea0e6f7000 ---p 00020000 08:0e 4718596                    /lib/x86_64-linux-gnu/libselinux.so.1
7fea0e6f7000-7fea0e6f8000 r--p 0001f000 08:0e 4718596                    /lib/x86_64-linux-gnu/libselinux.so.1
7fea0e6f8000-7fea0e6f9000 rw-p 00020000 08:0e 4718596                    /lib/x86_64-linux-gnu/libselinux.so.1
7fea0e6f9000-7fea0e6fb000 rw-p 00000000 00:00 0 
7fea0e700000-7fea0e703000 r-xp 00000000 08:0e 10223882                   /usr/lib/x86_64-linux-gnu/libgmodule-2.0.so.0.4002.0
7fea0e703000-7fea0e902000 ---p 00003000 08:0e 10223882                   /usr/lib/x86_64-linux-gnu/libgmodule-2.0.so.0.4002.0
7fea0e902000-7fea0e903000 r--p 00002000 08:0e 10223882                   /usr/lib/x86_64-linux-gnu/libgmodule-2.0.so.0.4002.0
7fea0e903000-7fea0e904000 rw-p 00003000 08:0e 10223882                   /usr/lib/x86_64-linux-gnu/libgmodule-2.0.so.0.4002.0
7fea0e908000-7fea0ea0e000 r-xp 00000000 08:0e 4719822                    /lib/x86_64-linux-gnu/libglib-2.0.so.0.4002.0
7fea0ea0e000-7fea0ec0d000 ---p 00106000 08:0e 4719822                    /lib/x86_64-linux-gnu/libglib-2.0.so.0.4002.0
7fea0ec0d000-7fea0ec0e000 r--p 00105000 08:0e 4719822                    /lib/x86_64-linux-gnu/libglib-2.0.so.0.4002.0
7fea0ec0e000-7fea0ec0f000 rw-p 00106000 08:0e 4719822                    /lib/x86_64-linux-gnu/libglib-2.0.so.0.4002.0
7fea0ec0f000-7fea0ec10000 rw-p 00000000 00:00 0 
7fea0ec10000-7fea0ec5f000 r-xp 00000000 08:0e 10223900                   /usr/lib/x86_64-linux-gnu/libgobject-2.0.so.0.4002.0
7fea0ec5f000-7fea0ee5f000 ---p 0004f000 08:0e 10223900                   /usr/lib/x86_64-linux-gnu/libgobject-2.0.so.0.4002.0
7fea0ee5f000-7fea0ee60000 r--p 0004f000 08:0e 10223900                   /usr/lib/x86_64-linux-gnu/libgobject-2.0.so.0.4002.0
7fea0ee60000-7fea0ee61000 rw-p 00050000 08:0e 10223900                   /usr/lib/x86_64-linux-gnu/libgobject-2.0.so.0.4002.0
7fea0ee68000-7fea0efd4000 r-xp 00000000 08:0e 10223905                   /usr/lib/x86_64-linux-gnu/libgio-2.0.so.0.4002.0
7fea0efd4000-7fea0f1d3000 ---p 0016c000 08:0e 10223905                   /usr/lib/x86_64-linux-gnu/libgio-2.0.so.0.4002.0
7fea0f1d3000-7fea0f1d7000 r--p 0016b000 08:0e 10223905                   /usr/lib/x86_64-linux-gnu/libgio-2.0.so.0.4002.0
7fea0f1d7000-7fea0f1d9000 rw-p 0016f000 08:0e 10223905                   /usr/lib/x86_64-linux-gnu/libgio-2.0.so.0.4002.0
7fea0f1d9000-7fea0f1db000 rw-p 00000000 00:00 0 
7fea0f1e0000-7fea0f1f7000 r-xp 00000000 08:0e 10625567                   /usr/lib/jvm/java-7-openjdk-amd64/jre/lib/amd64/libnet.so
7fea0f1f7000-7fea0f3f6000 ---p 00017000 08:0e 10625567                   /usr/lib/jvm/java-7-openjdk-amd64/jre/lib/amd64/libnet.so
7fea0f3f6000-7fea0f3f7000 r--p 00016000 08:0e 10625567                   /usr/lib/jvm/java-7-openjdk-amd64/jre/lib/amd64/libnet.so
7fea0f3f7000-7fea0f3f8000 rw-p 00017000 08:0e 10625567                   /usr/lib/jvm/java-7-openjdk-amd64/jre/lib/amd64/libnet.so
7fea0f3f8000-7fea0f408000 r-xp 00000000 08:0e 10625549                   /usr/lib/jvm/java-7-openjdk-amd64/jre/lib/amd64/libnio.so
7fea0f408000-7fea0f608000 ---p 00010000 08:0e 10625549                   /usr/lib/jvm/java-7-openjdk-amd64/jre/lib/amd64/libnio.so
7fea0f608000-7fea0f609000 r--p 00010000 08:0e 10625549                   /usr/lib/jvm/java-7-openjdk-amd64/jre/lib/amd64/libnio.so
7fea0f609000-7fea0f60a000 rw-p 00011000 08:0e 10625549                   /usr/lib/jvm/java-7-openjdk-amd64/jre/lib/amd64/libnio.so
7fea0f60e000-7fea0f60f000 ---p 00000000 00:00 0 
7fea0f60f000-7fea0f70f000 rw-p 00000000 00:00 0                          [stack:12601]
7fea0f70f000-7fea0f712000 ---p 00000000 00:00 0 
7fea0f712000-7fea0f810000 rw-p 00000000 00:00 0                          [stack:12600]
7fea0f810000-7fea0fffa000 r--p 00000000 08:0e 10226199                   /usr/lib/locale/locale-archive
7fea10000000-7fea10021000 rw-p 00000000 00:00 0 
7fea10021000-7fea14000000 ---p 00000000 00:00 0 
7fea14000000-7fea14021000 rw-p 00000000 00:00 0 
7fea14021000-7fea18000000 ---p 00000000 00:00 0 
7fea18000000-7fea18021000 rw-p 00000000 00:00 0 
7fea18021000-7fea1c000000 ---p 00000000 00:00 0 
7fea1c000000-7fea1c021000 rw-p 00000000 00:00 0 
7fea1c021000-7fea20000000 ---p 00000000 00:00 0 
7fea20000000-7fea20021000 rw-p 00000000 00:00 0 
7fea20021000-7fea24000000 ---p 00000000 00:00 0 
7fea24025000-7fea2403d000 r--s 000f5000 08:21 47151                      /media/benton/MULTIBOOT1/StClairStudy/MAD205/Projects/Map4Life/app/build/intermediates/exploded-aar/com.google.android.gms/play-services-ads/8.4.0/jars/classes.jar
7fea2403f000-7fea2404e000 r--s 000df000 08:0e 8271344                    /home/benton/Android/Sdk/build-tools/23.0.3/lib/dx.jar
7fea2404e000-7fea24050000 r--s 00006000 08:0e 10359703                   /usr/share/java/java-atk-wrapper.jar
7fea24057000-7fea2405a000 r--s 0000f000 08:0e 10625577                   /usr/lib/jvm/java-7-openjdk-amd64/jre/lib/ext/icedtea-sound.jar
7fea2405c000-7fea24060000 r--s 00034000 08:0e 10625573                   /usr/lib/jvm/java-7-openjdk-amd64/jre/lib/ext/sunjce_provider.jar
7fea24064000-7fea24068000 r--s 0003c000 08:0e 10625575                   /usr/lib/jvm/java-7-openjdk-amd64/jre/lib/ext/sunpkcs11.jar
7fea2406d000-7fea24070000 ---p 00000000 00:00 0 
7fea24070000-7fea2416e000 rw-p 00000000 00:00 0                          [stack:12599]
7fea2416e000-7fea24171000 ---p 00000000 00:00 0 
7fea24171000-7fea2426f000 rw-p 00000000 00:00 0                          [stack:12594]
7fea2426f000-7fea24272000 ---p 00000000 00:00 0 
7fea24272000-7fea24370000 rw-p 00000000 00:00 0                          [stack:12589]
7fea24370000-7fea24373000 ---p 00000000 00:00 0 
7fea24373000-7fea24471000 rw-p 00000000 00:00 0                          [stack:12580]
7fea24471000-7fea24474000 ---p 00000000 00:00 0 
7fea24474000-7fea24572000 rw-p 00000000 00:00 0                          [stack:12577]
7fea24572000-7fea24573000 ---p 00000000 00:00 0 
7fea24573000-7fea2564f000 rw-p 00000000 00:00 0                          [stack:12572]
7fea2564f000-7fea25801000 r--s 01d2f000 08:0e 10625534                   /usr/lib/jvm/java-7-openjdk-amd64/jre/lib/rt.jar
7fea25807000-7fea28000000 rw-p 00000000 00:00 0 
7fea28000000-7fea28021000 rw-p 00000000 00:00 0 
7fea28021000-7fea2c000000 ---p 00000000 00:00 0 
7fea2c002000-7fea2c003000 ---p 00000000 00:00 0 
7fea2c003000-7fea2c103000 rw-p 00000000 00:00 0                          [stack:12550]
7fea2c103000-7fea2c104000 ---p 00000000 00:00 0 
7fea2c104000-7fea2c204000 rw-p 00000000 00:00 0                          [stack:12548]
7fea2c204000-7fea2c205000 ---p 00000000 00:00 0 
7fea2c205000-7fea2c305000 rw-p 00000000 00:00 0                          [stack:12546]
7fea2c305000-7fea2c306000 ---p 00000000 00:00 0 
7fea2c306000-7fea2c4ac000 rw-p 00000000 00:00 0                          [stack:12544]
7fea2c4ac000-7fea2c55c000 rw-p 00000000 00:00 0 
7fea2c55c000-7fea2c567000 rw-p 00000000 00:00 0 
7fea2c567000-7fea2c5af000 rw-p 00000000 00:00 0 
7fea2c5af000-7fea2c655000 rw-p 00000000 00:00 0 
7fea2c655000-7fea2c704000 rw-p 00000000 00:00 0 
7fea2c704000-7fea2c7af000 rw-p 00000000 00:00 0 
7fea2c7af000-7fea2c7b0000 rw-p 00000000 00:00 0 
7fea2c7b0000-7fea2cac0000 rwxp 00000000 00:00 0 
7fea2cac0000-7fea2f7b0000 rw-p 00000000 00:00 0 
7fea2f7b0000-7fea2f7b8000 r-xp 00000000 08:0e 10625542                   /usr/lib/jvm/java-7-openjdk-amd64/jre/lib/amd64/libzip.so
7fea2f7b8000-7fea2f9b7000 ---p 00008000 08:0e 10625542                   /usr/lib/jvm/java-7-openjdk-amd64/jre/lib/amd64/libzip.so
7fea2f9b7000-7fea2f9b8000 r--p 00007000 08:0e 10625542                   /usr/lib/jvm/java-7-openjdk-amd64/jre/lib/amd64/libzip.so
7fea2f9b8000-7fea2f9b9000 rw-p 00008000 08:0e 10625542                   /usr/lib/jvm/java-7-openjdk-amd64/jre/lib/amd64/libzip.so
7fea2f9c0000-7fea2f9cb000 r-xp 00000000 08:0e 4720625                    /lib/x86_64-linux-gnu/libnss_files-2.19.so
7fea2f9cb000-7fea2fbca000 ---p 0000b000 08:0e 4720625                    /lib/x86_64-linux-gnu/libnss_files-2.19.so
7fea2fbca000-7fea2fbcb000 r--p 0000a000 08:0e 4720625                    /lib/x86_64-linux-gnu/libnss_files-2.19.so
7fea2fbcb000-7fea2fbcc000 rw-p 0000b000 08:0e 4720625                    /lib/x86_64-linux-gnu/libnss_files-2.19.so
7fea2fbd0000-7fea2fbdb000 r-xp 00000000 08:0e 4720612                    /lib/x86_64-linux-gnu/libnss_nis-2.19.so
7fea2fbdb000-7fea2fdda000 ---p 0000b000 08:0e 4720612                    /lib/x86_64-linux-gnu/libnss_nis-2.19.so
7fea2fdda000-7fea2fddb000 r--p 0000a000 08:0e 4720612                    /lib/x86_64-linux-gnu/libnss_nis-2.19.so
7fea2fddb000-7fea2fddc000 rw-p 0000b000 08:0e 4720612                    /lib/x86_64-linux-gnu/libnss_nis-2.19.so
7fea2fde0000-7fea2fdf7000 r-xp 00000000 08:0e 4720600                    /lib/x86_64-linux-gnu/libnsl-2.19.so
7fea2fdf7000-7fea2fff6000 ---p 00017000 08:0e 4720600                    /lib/x86_64-linux-gnu/libnsl-2.19.so
7fea2fff6000-7fea2fff7000 r--p 00016000 08:0e 4720600                    /lib/x86_64-linux-gnu/libnsl-2.19.so
7fea2fff7000-7fea2fff8000 rw-p 00017000 08:0e 4720600                    /lib/x86_64-linux-gnu/libnsl-2.19.so
7fea2fff8000-7fea2fffa000 rw-p 00000000 00:00 0 
7fea30000000-7fea301c0000 rw-p 00000000 00:00 0 
7fea301c0000-7fea34000000 ---p 00000000 00:00 0 
7fea34002000-7fea34003000 r--s 00002000 08:0e 10625576                   /usr/lib/jvm/java-7-openjdk-amd64/jre/lib/ext/dnsns.jar
7fea34009000-7fea340b8000 rw-p 00000000 00:00 0 
7fea340b8000-7fea34100000 rw-p 00000000 00:00 0 
7fea34100000-7fea34109000 r-xp 00000000 08:0e 4720578                    /lib/x86_64-linux-gnu/libnss_compat-2.19.so
7fea34109000-7fea34308000 ---p 00009000 08:0e 4720578                    /lib/x86_64-linux-gnu/libnss_compat-2.19.so
7fea34308000-7fea34309000 r--p 00008000 08:0e 4720578                    /lib/x86_64-linux-gnu/libnss_compat-2.19.so
7fea34309000-7fea3430a000 rw-p 00009000 08:0e 4720578                    /lib/x86_64-linux-gnu/libnss_compat-2.19.so
7fea34310000-7fea3433b000 r-xp 00000000 08:0e 10625563                   /usr/lib/jvm/java-7-openjdk-amd64/jre/lib/amd64/libjava.so
7fea3433b000-7fea3453b000 ---p 0002b000 08:0e 10625563                   /usr/lib/jvm/java-7-openjdk-amd64/jre/lib/amd64/libjava.so
7fea3453b000-7fea3453c000 r--p 0002b000 08:0e 10625563                   /usr/lib/jvm/java-7-openjdk-amd64/jre/lib/amd64/libjava.so
7fea3453c000-7fea3453e000 rw-p 0002c000 08:0e 10625563                   /usr/lib/jvm/java-7-openjdk-amd64/jre/lib/amd64/libjava.so
7fea34540000-7fea34550000 r-xp 00000000 08:0e 10625547                   /usr/lib/jvm/java-7-openjdk-amd64/jre/lib/amd64/libverify.so
7fea34550000-7fea3474f000 ---p 00010000 08:0e 10625547                   /usr/lib/jvm/java-7-openjdk-amd64/jre/lib/amd64/libverify.so
7fea3474f000-7fea34751000 r--p 0000f000 08:0e 10625547                   /usr/lib/jvm/java-7-openjdk-amd64/jre/lib/amd64/libverify.so
7fea34751000-7fea34752000 rw-p 00011000 08:0e 10625547                   /usr/lib/jvm/java-7-openjdk-amd64/jre/lib/amd64/libverify.so
7fea34758000-7fea3475f000 r-xp 00000000 08:0e 4720619                    /lib/x86_64-linux-gnu/librt-2.19.so
7fea3475f000-7fea3495e000 ---p 00007000 08:0e 4720619                    /lib/x86_64-linux-gnu/librt-2.19.so
7fea3495e000-7fea3495f000 r--p 00006000 08:0e 4720619                    /lib/x86_64-linux-gnu/librt-2.19.so
7fea3495f000-7fea34960000 rw-p 00007000 08:0e 4720619                    /lib/x86_64-linux-gnu/librt-2.19.so
7fea34960000-7fea34976000 r-xp 00000000 08:0e 4719732                    /lib/x86_64-linux-gnu/libgcc_s.so.1
7fea34976000-7fea34b75000 ---p 00016000 08:0e 4719732                    /lib/x86_64-linux-gnu/libgcc_s.so.1
7fea34b75000-7fea34b76000 rw-p 00015000 08:0e 4719732                    /lib/x86_64-linux-gnu/libgcc_s.so.1
7fea34b78000-7fea34c7d000 r-xp 00000000 08:0e 4718648                    /lib/x86_64-linux-gnu/libm-2.19.so
7fea34c7d000-7fea34e7c000 ---p 00105000 08:0e 4718648                    /lib/x86_64-linux-gnu/libm-2.19.so
7fea34e7c000-7fea34e7d000 r--p 00104000 08:0e 4718648                    /lib/x86_64-linux-gnu/libm-2.19.so
7fea34e7d000-7fea34e7e000 rw-p 00105000 08:0e 4718648                    /lib/x86_64-linux-gnu/libm-2.19.so
7fea34e80000-7fea34f66000 r-xp 00000000 08:0e 10226744                   /usr/lib/x86_64-linux-gnu/libstdc++.so.6.0.19
7fea34f66000-7fea35165000 ---p 000e6000 08:0e 10226744                   /usr/lib/x86_64-linux-gnu/libstdc++.so.6.0.19
7fea35165000-7fea3516d000 r--p 000e5000 08:0e 10226744                   /usr/lib/x86_64-linux-gnu/libstdc++.so.6.0.19
7fea3516d000-7fea3516f000 rw-p 000ed000 08:0e 10226744                   /usr/lib/x86_64-linux-gnu/libstdc++.so.6.0.19
7fea3516f000-7fea35184000 rw-p 00000000 00:00 0 
7fea35188000-7fea35cad000 r-xp 00000000 08:0e 10625543                   /usr/lib/jvm/java-7-openjdk-amd64/jre/lib/amd64/server/libjvm.so
7fea35cad000-7fea35ead000 ---p 00b25000 08:0e 10625543                   /usr/lib/jvm/java-7-openjdk-amd64/jre/lib/amd64/server/libjvm.so
7fea35ead000-7fea35f47000 r--p 00b25000 08:0e 10625543                   /usr/lib/jvm/java-7-openjdk-amd64/jre/lib/amd64/server/libjvm.so
7fea35f47000-7fea35f6a000 rw-p 00bbf000 08:0e 10625543                   /usr/lib/jvm/java-7-openjdk-amd64/jre/lib/amd64/server/libjvm.so
7fea35f6a000-7fea35f98000 rw-p 00000000 00:00 0 
7fea35f98000-7fea35fb0000 r-xp 00000000 08:0e 4722644                    /lib/x86_64-linux-gnu/libz.so.1.2.8
7fea35fb0000-7fea361af000 ---p 00018000 08:0e 4722644                    /lib/x86_64-linux-gnu/libz.so.1.2.8
7fea361af000-7fea361b0000 r--p 00017000 08:0e 4722644                    /lib/x86_64-linux-gnu/libz.so.1.2.8
7fea361b0000-7fea361b1000 rw-p 00018000 08:0e 4722644                    /lib/x86_64-linux-gnu/libz.so.1.2.8
7fea361b8000-7fea361d1000 r-xp 00000000 08:0e 4720606                    /lib/x86_64-linux-gnu/libpthread-2.19.so
7fea361d1000-7fea363d0000 ---p 00019000 08:0e 4720606                    /lib/x86_64-linux-gnu/libpthread-2.19.so
7fea363d0000-7fea363d1000 r--p 00018000 08:0e 4720606                    /lib/x86_64-linux-gnu/libpthread-2.19.so
7fea363d1000-7fea363d2000 rw-p 00019000 08:0e 4720606                    /lib/x86_64-linux-gnu/libpthread-2.19.so
7fea363d2000-7fea363d6000 rw-p 00000000 00:00 0 
7fea363d8000-7fea363db000 r-xp 00000000 08:0e 4719734                    /lib/x86_64-linux-gnu/libdl-2.19.so
7fea363db000-7fea365da000 ---p 00003000 08:0e 4719734                    /lib/x86_64-linux-gnu/libdl-2.19.so
7fea365da000-7fea365db000 r--p 00002000 08:0e 4719734                    /lib/x86_64-linux-gnu/libdl-2.19.so
7fea365db000-7fea365dc000 rw-p 00003000 08:0e 4719734                    /lib/x86_64-linux-gnu/libdl-2.19.so
7fea365e0000-7fea3679b000 r-xp 00000000 08:0e 4720620                    /lib/x86_64-linux-gnu/libc-2.19.so
7fea3679b000-7fea3699a000 ---p 001bb000 08:0e 4720620                    /lib/x86_64-linux-gnu/libc-2.19.so
7fea3699a000-7fea3699e000 r--p 001ba000 08:0e 4720620                    /lib/x86_64-linux-gnu/libc-2.19.so
7fea3699e000-7fea369a0000 rw-p 001be000 08:0e 4720620                    /lib/x86_64-linux-gnu/libc-2.19.so
7fea369a0000-7fea369a5000 rw-p 00000000 00:00 0 
7fea369a8000-7fea369b5000 r-xp 00000000 08:0e 10749349                   /usr/lib/jvm/java-7-openjdk-amd64/jre/lib/amd64/jli/libjli.so
7fea369b5000-7fea36bb4000 ---p 0000d000 08:0e 10749349                   /usr/lib/jvm/java-7-openjdk-amd64/jre/lib/amd64/jli/libjli.so
7fea36bb4000-7fea36bb5000 r--p 0000c000 08:0e 10749349                   /usr/lib/jvm/java-7-openjdk-amd64/jre/lib/amd64/jli/libjli.so
7fea36bb5000-7fea36bb6000 rw-p 0000d000 08:0e 10749349                   /usr/lib/jvm/java-7-openjdk-amd64/jre/lib/amd64/jli/libjli.so
7fea36bb8000-7fea36bdb000 r-xp 00000000 08:0e 4720608                    /lib/x86_64-linux-gnu/ld-2.19.so
7fea36be2000-7fea36be4000 r--s 00012000 08:0e 10625574                   /usr/lib/jvm/java-7-openjdk-amd64/jre/lib/ext/zipfs.jar
7fea36be5000-7fea36be9000 r--s 00085000 08:0e 10625572                   /usr/lib/jvm/java-7-openjdk-amd64/jre/lib/ext/localedata.jar
7fea36bf0000-7fea36c15000 rw-p 00000000 00:00 0 
7fea36c15000-7fea36cc8000 rw-p 00000000 00:00 0 
7fea36cc8000-7fea36cd0000 rw-s 00000000 08:0e 13113070                   /tmp/hsperfdata_benton/12531
7fea36cd2000-7fea36cd4000 rw-p 00000000 00:00 0 
7fea36cd4000-7fea36cd5000 ---p 00000000 00:00 0 
7fea36cd5000-7fea36cd8000 ---p 00000000 00:00 0 
7fea36cd8000-7fea36dda000 rw-p 00000000 00:00 0                          [stack:12542]
7fea36dda000-7fea36ddb000 r--p 00022000 08:0e 4720608                    /lib/x86_64-linux-gnu/ld-2.19.so
7fea36ddb000-7fea36ddc000 rw-p 00023000 08:0e 4720608                    /lib/x86_64-linux-gnu/ld-2.19.so
7fea36ddc000-7fea36dde000 rw-p 00000000 00:00 0 
7fea36dde000-7fea36de0000 rw-p 00000000 00:00 0 
7ffcd1746000-7ffcd1767000 rw-p 00000000 00:00 0                          [stack]
7ffcd1790000-7ffcd1792000 r-xp 00000000 00:00 0                          [vdso]
ffffffffff600000-ffffffffff601000 r-xp 00000000 00:00 0                  [vsyscall]

VM Arguments:
jvm_args: -Djava.awt.headless=true -Xmx1024M -Dfile.encoding=UTF-8 -Duser.country=CA -Duser.language=en -Duser.variant 
java_command: com.android.dx.command.Main --dex --force-jumbo --num-threads=4 --multi-dex --output /media/benton/MULTIBOOT1/StClairStudy/MAD205/Projects/Map4Life/app/build/intermediates/transforms/dex/debug/folders/1000/10/com.google.android.gms-play-services-ads-8.4.0_4a5a7a2841ef46cddeee8248e57c766aa681fa20 /media/benton/MULTIBOOT1/StClairStudy/MAD205/Projects/Map4Life/app/build/intermediates/exploded-aar/com.google.android.gms/play-services-ads/8.4.0/jars/classes.jar
Launcher Type: SUN_STANDARD

Environment Variables:
PATH=/usr/local/sbin:/usr/local/bin:/usr/sbin:/usr/bin:/sbin:/bin:/usr/games:/usr/local/games
LD_LIBRARY_PATH=/home/benton/Downloads/AndroidStudio2/android-studio/bin:
SHELL=/bin/bash
DISPLAY=:0.0

Signal Handlers:
SIGSEGV: [libjvm.so+0x955bc0], sa_mask[0]=0x7ffbfeff, sa_flags=0x10000004
SIGBUS: [libjvm.so+0x955bc0], sa_mask[0]=0x7ffbfeff, sa_flags=0x10000004
SIGFPE: [libjvm.so+0x7caff0], sa_mask[0]=0x7ffbfeff, sa_flags=0x10000004
SIGPIPE: [libjvm.so+0x7caff0], sa_mask[0]=0x7ffbfeff, sa_flags=0x10000004
SIGXFSZ: [libjvm.so+0x7caff0], sa_mask[0]=0x7ffbfeff, sa_flags=0x10000004
SIGILL: [libjvm.so+0x7caff0], sa_mask[0]=0x7ffbfeff, sa_flags=0x10000004
SIGUSR1: SIG_DFL, sa_mask[0]=0x00000000, sa_flags=0x00000000
SIGUSR2: [libjvm.so+0x7cae90], sa_mask[0]=0x00000004, sa_flags=0x10000004
SIGHUP: [libjvm.so+0x7cb070], sa_mask[0]=0x7ffbfeff, sa_flags=0x10000004
SIGINT: [libjvm.so+0x7cb070], sa_mask[0]=0x7ffbfeff, sa_flags=0x10000004
SIGTERM: [libjvm.so+0x7cb070], sa_mask[0]=0x7ffbfeff, sa_flags=0x10000004
SIGQUIT: [libjvm.so+0x7cb070], sa_mask[0]=0x7ffbfeff, sa_flags=0x10000004
SIGTRAP: SIG_DFL, sa_mask[0]=0x00000000, sa_flags=0x00000000


---------------  S Y S T E M  ---------------

OS:Ubuntu 14.04 (trusty)
uname:Linux 3.13.0-83-generic #127-Ubuntu SMP Fri Mar 11 00:25:37 UTC 2016 x86_64
libc:glibc 2.19 NPTL 2.19 
rlimit: STACK 8192k, CORE 0k, NPROC 42485, NOFILE 4096, AS infinity
load average:13.62 4.84 1.89

/proc/meminfo:
MemTotal:        5495656 kB
MemFree:          118004 kB
Buffers:             956 kB
Cached:           217596 kB
SwapCached:        41828 kB
Active:          3247064 kB
Inactive:         949108 kB
Active(anon):    3241260 kB
Inactive(anon):   930076 kB
Active(file):       5804 kB
Inactive(file):    19032 kB
Unevictable:           0 kB
Mlocked:               0 kB
SwapTotal:       1106940 kB
SwapFree:            140 kB
Dirty:               120 kB
Writeback:            28 kB
AnonPages:       3935848 kB
Mapped:           203332 kB
Shmem:            193696 kB
Slab:             400964 kB
SReclaimable:      51984 kB
SUnreclaim:       348980 kB
KernelStack:        6048 kB
PageTables:        45472 kB
NFS_Unstable:          0 kB
Bounce:                0 kB
WritebackTmp:          0 kB
CommitLimit:     3854768 kB
Committed_AS:   11920268 kB
VmallocTotal:   34359738367 kB
VmallocUsed:      319136 kB
VmallocChunk:   34359361360 kB
HardwareCorrupted:     0 kB
AnonHugePages:   1742848 kB
HugePages_Total:       0
HugePages_Free:        0
HugePages_Rsvd:        0
HugePages_Surp:        0
Hugepagesize:       2048 kB
DirectMap4k:       67580 kB
DirectMap2M:     3567616 kB
DirectMap1G:     4194304 kB


CPU:total 4 (4 cores per cpu, 1 threads per core) family 21 model 16 stepping 1, cmov, cx8, fxsr, mmx, sse, sse2, sse3, ssse3, sse4.1, sse4.2, popcnt, avx, aes, mmxext, 3dnowpref, lzcnt, sse4a, tsc, tscinvbit, tscinv

/proc/cpuinfo:
processor	: 0
vendor_id	: AuthenticAMD
cpu family	: 21
model		: 16
model name	: AMD A8-5500 APU with Radeon(tm) HD Graphics
stepping	: 1
microcode	: 0x6001116
cpu MHz		: 1400.000
cache size	: 2048 KB
physical id	: 0
siblings	: 4
core id		: 0
cpu cores	: 2
apicid		: 16
initial apicid	: 0
fpu		: yes
fpu_exception	: yes
cpuid level	: 13
wp		: yes
flags		: fpu vme de pse tsc msr pae mce cx8 apic sep mtrr pge mca cmov pat pse36 clflush mmx fxsr sse sse2 ht syscall nx mmxext fxsr_opt pdpe1gb rdtscp lm constant_tsc rep_good nopl nonstop_tsc extd_apicid aperfmperf pni pclmulqdq monitor ssse3 fma cx16 sse4_1 sse4_2 popcnt aes xsave avx f16c lahf_lm cmp_legacy svm extapic cr8_legacy abm sse4a misalignsse 3dnowprefetch osvw ibs xop skinit wdt lwp fma4 tce nodeid_msr tbm topoext perfctr_core perfctr_nb arat cpb hw_pstate npt lbrv svm_lock nrip_save tsc_scale vmcb_clean flushbyasid decodeassists pausefilter pfthreshold vmmcall bmi1
bogomips	: 6591.30
TLB size	: 1536 4K pages
clflush size	: 64
cache_alignment	: 64
address sizes	: 48 bits physical, 48 bits virtual
power management: ts ttp tm 100mhzsteps hwpstate cpb eff_freq_ro

processor	: 1
vendor_id	: AuthenticAMD
cpu family	: 21
model		: 16
model name	: AMD A8-5500 APU with Radeon(tm) HD Graphics    
stepping	: 1
microcode	: 0x6001116
cpu MHz		: 1400.000
cache size	: 2048 KB
physical id	: 0
siblings	: 4
core id		: 1
cpu cores	: 2
apicid		: 17
initial apicid	: 1
fpu		: yes
fpu_exception	: yes
cpuid level	: 13
wp		: yes
flags		: fpu vme de pse tsc msr pae mce cx8 apic sep mtrr pge mca cmov pat pse36 clflush mmx fxsr sse sse2 ht syscall nx mmxext fxsr_opt pdpe1gb rdtscp lm constant_tsc rep_good nopl nonstop_tsc extd_apicid aperfmperf pni pclmulqdq monitor ssse3 fma cx16 sse4_1 sse4_2 popcnt aes xsave avx f16c lahf_lm cmp_legacy svm extapic cr8_legacy abm sse4a misalignsse 3dnowprefetch osvw ibs xop skinit wdt lwp fma4 tce nodeid_msr tbm topoext perfctr_core perfctr_nb arat cpb hw_pstate npt lbrv svm_lock nrip_save tsc_scale vmcb_clean flushbyasid decodeassists pausefilter pfthreshold vmmcall bmi1
bogomips	: 6591.30
TLB size	: 1536 4K pages
clflush size	: 64
cache_alignment	: 64
address sizes	: 48 bits physical, 48 bits virtual
power management: ts ttp tm 100mhzsteps hwpstate cpb eff_freq_ro

processor	: 2
vendor_id	: AuthenticAMD
cpu family	: 21
model		: 16
model name	: AMD A8-5500 APU with Radeon(tm) HD Graphics    
stepping	: 1
cpu MHz		: 1400.000
cache size	: 2048 KB
physical id	: 0
siblings	: 4
core id		: 2
cpu cores	: 2
apicid		: 18
initial apicid	: 2
fpu		: yes
fpu_exception	: yes
cpuid level	: 13
wp		: yes
flags		: fpu vme de pse tsc msr pae mce cx8 apic sep mtrr pge mca cmov pat pse36 clflush mmx fxsr sse sse2 ht syscall nx mmxext fxsr_opt pdpe1gb rdtscp lm constant_tsc rep_good nopl nonstop_tsc extd_apicid aperfmperf pni pclmulqdq monitor ssse3 fma cx16 sse4_1 sse4_2 popcnt aes xsave avx f16c lahf_lm cmp_legacy svm extapic cr8_legacy abm sse4a misalignsse 3dnowprefetch osvw ibs xop skinit wdt lwp fma4 tce nodeid_msr tbm topoext perfctr_core perfctr_nb arat cpb hw_pstate npt lbrv svm_lock nrip_save tsc_scale vmcb_clean flushbyasid decodeassists pausefilter pfthreshold vmmcall bmi1
bogomips	: 6591.30
TLB size	: 1536 4K pages
clflush size	: 64
cache_alignment	: 64
address sizes	: 48 bits physical, 48 bits virtual
power management: ts ttp tm 100mhzsteps hwpstate cpb eff_freq_ro

processor	: 3
vendor_id	: AuthenticAMD
cpu family	: 21
model		: 16
model name	: AMD A8-5500 APU with Radeon(tm) HD Graphics    
stepping	: 1
cpu MHz		: 1400.000
cache size	: 2048 KB
physical id	: 0
siblings	: 4
core id		: 3
cpu cores	: 2
apicid		: 19
initial apicid	: 3
fpu		: yes
fpu_exception	: yes
cpuid level	: 13
wp		: yes
flags		: fpu vme de pse tsc msr pae mce cx8 apic sep mtrr pge mca cmov pat pse36 clflush mmx fxsr sse sse2 ht syscall nx mmxext fxsr_opt pdpe1gb rdtscp lm constant_tsc rep_good nopl nonstop_tsc extd_apicid aperfmperf pni pclmulqdq monitor ssse3 fma cx16 sse4_1 sse4_2 popcnt aes xsave avx f16c lahf_lm cmp_legacy svm extapic cr8_legacy abm sse4a misalignsse 3dnowprefetch osvw ibs xop skinit wdt lwp fma4 tce nodeid_msr tbm topoext perfctr_core perfctr_nb arat cpb hw_pstate npt lbrv svm_lock nrip_save tsc_scale vmcb_clean flushbyasid decodeassists pausefilter pfthreshold vmmcall bmi1
bogomips	: 6591.30
TLB size	: 1536 4K pages
clflush size	: 64
cache_alignment	: 64
address sizes	: 48 bits physical, 48 bits virtual
power management: ts ttp tm 100mhzsteps hwpstate cpb eff_freq_ro



Memory: 4k page, physical 5495656k(118004k free), swap 1106940k(140k free)

vm_info: OpenJDK 64-Bit Server VM (24.95-b01) for linux-amd64 JRE (1.7.0_95-b00), built on Jan 21 2016 03:31:40 by "buildd" with gcc 4.8.4

time: Sun Apr 17 23:07:22 2016
elapsed time: 52 seconds

